0 info it worked if it ends with ok
1 verbose cli [ 'C:\\Program Files\\nodejs\\node.exe',
1 verbose cli   'C:\\Program Files\\nodejs\\node_modules\\npm\\bin\\npm-cli.js',
1 verbose cli   'start' ]
2 info using npm@4.1.2
3 info using node@v7.6.0
4 verbose run-script [ 'prestart', 'start', 'poststart' ]
5 info lifecycle nodefs@1.0.0~prestart: nodefs@1.0.0
6 silly lifecycle nodefs@1.0.0~prestart: no script for prestart, continuing
7 info lifecycle nodefs@1.0.0~start: nodefs@1.0.0
8 verbose lifecycle nodefs@1.0.0~start: unsafe-perm in lifecycle true
9 verbose lifecycle nodefs@1.0.0~start: PATH: C:\Program Files\nodejs\node_modules\npm\bin\node-gyp-bin;C:\Users\zmz\Desktop\Github\nodeFS\node_modules\.bin;C:\Program Files\ImageMagick-7.0.6-Q16;C:\Python27\;C:\Python27\Scripts;C:\ProgramData\Oracle\Java\javapath;C:\Program Files (x86)\Intel\iCLS Client\;C:\Program Files\Intel\iCLS Client\;C:\WINDOWS\system32;C:\WINDOWS;C:\WINDOWS\System32\Wbem;C:\WINDOWS\System32\WindowsPowerShell\v1.0\;C:\Program Files\Intel\WiFi\bin\;C:\Program Files\Common Files\Intel\WirelessCommon\;c:\Program Files (x86)\ATI Technologies\ATI.ACE\Core-Static;C:\Program Files\Intel\Intel(R) Management Engine Components\DAL;C:\Program Files (x86)\Intel\Intel(R) Management Engine Components\DAL;C:\Program Files\Intel\Intel(R) Management Engine Components\IPT;C:\Program Files (x86)\Intel\Intel(R) Management Engine Components\IPT;C:\Program Files\TortoiseSVN\bin;C:\Program Files (x86)\AMD\ATI.ACE\Core-Static;C:\Program Files\Java\jdk1.8.0_91\jre\bin;C:\Program Files\Java\jdk1.8.0_91\bin;C:\TestTools\TMSS;C:\Program Files\nodejs\;C:\Users\zmz\AppData\Local\Programs\Python\Python35-32\Scripts\;C:\Users\zmz\AppData\Local\Programs\Python\Python35-32\;C:\zmzNode;C:\MyCodeBase\nodejs\node_global;C:\Program Files (x86)\Git\bin;C:\Program Files (x86)\SSH Communications Security\SSH Secure Shell;C:\Ruby22\bin;C:\Users\zmz\node_modules;C:\Users\zmz;C:\Users\zmz\AppData\Local\Microsoft\WindowsApps;C:\curl\bin;C:\Users\zmz\AppData\Local\Programs\Git;C:\Users\zmz\AppData\Roaming\npm
10 verbose lifecycle nodefs@1.0.0~start: CWD: C:\Users\zmz\Desktop\Github\nodeFS
11 silly lifecycle nodefs@1.0.0~start: Args: [ '/d /s /c', 'node ./webpack/config' ]
12 silly lifecycle nodefs@1.0.0~start: Returned: code: 3221225786  signal: null
13 info lifecycle nodefs@1.0.0~start: Failed to exec start script
14 verbose stack Error: nodefs@1.0.0 start: `node ./webpack/config`
14 verbose stack Exit status 3221225786
14 verbose stack     at EventEmitter.<anonymous> (C:\Program Files\nodejs\node_modules\npm\lib\utils\lifecycle.js:279:16)
14 verbose stack     at emitTwo (events.js:106:13)
14 verbose stack     at EventEmitter.emit (events.js:192:7)
14 verbose stack     at ChildProcess.<anonymous> (C:\Program Files\nodejs\node_modules\npm\lib\utils\spawn.js:40:14)
14 verbose stack     at emitTwo (events.js:106:13)
14 verbose stack     at ChildProcess.emit (events.js:192:7)
14 verbose stack     at maybeClose (internal/child_process.js:890:16)
14 verbose stack     at Process.ChildProcess._handle.onexit (internal/child_process.js:226:5)
15 verbose pkgid nodefs@1.0.0
16 verbose cwd C:\Users\zmz\Desktop\Github\nodeFS
17 error Windows_NT 10.0.14393
18 error argv "C:\\Program Files\\nodejs\\node.exe" "C:\\Program Files\\nodejs\\node_modules\\npm\\bin\\npm-cli.js" "start"
19 error node v7.6.0
20 error npm  v4.1.2
21 error code ELIFECYCLE
22 error nodefs@1.0.0 start: `node ./webpack/config`
22 error Exit status 3221225786
23 error Failed at the nodefs@1.0.0 start script 'node ./webpack/config'.
23 error Make sure you have the latest version of node.js and npm installed.
23 error If you do, this is most likely a problem with the nodefs package,
23 error not with npm itself.
23 error Tell the author that this fails on your system:
23 error     node ./webpack/config
23 error You can get information on how to open an issue for this project with:
23 error     npm bugs nodefs
23 error Or if that isn't available, you can get their info via:
23 error     npm owner ls nodefs
23 error There is likely additional logging output above.
24 verbose exit [ 1, true ]
